This file contains any messages produced by compilers while
running configure, to aid debugging if configure makes a mistake.

It was created by riece configure 8.0.0, which was
generated by GNU Autoconf 2.68.  Invocation command line was

  $ ./configure --prefix=/Users/noblejasper/.emacs.d/riece

## --------- ##
## Platform. ##
## --------- ##

hostname = nobjas-air.local
uname -m = x86_64
uname -r = 11.4.0
uname -s = Darwin
uname -v = Darwin Kernel Version 11.4.0: Mon Apr  9 19:32:15 PDT 2012; root:xnu-1699.26.8~1/RELEASE_X86_64

/usr/bin/uname -p = i386
/bin/uname -X     = unknown

/bin/arch              = unknown
/usr/bin/arch -k       = unknown
/usr/convex/getsysinfo = unknown
/usr/bin/hostinfo      = Mach kernel version:
	 Darwin Kernel Version 11.4.0: Mon Apr  9 19:32:15 PDT 2012; root:xnu-1699.26.8~1/RELEASE_X86_64
Kernel configured for up to 4 processors.
2 processors are physically available.
4 processors are logically available.
Processor type: i486 (Intel 80486)
Processors active: 0 1 2 3
Primary memory available: 4.00 gigabytes
Default processor set: 198 tasks, 735 threads, 4 processors
Load average: 2.75, Mach factor: 1.61
/bin/machine           = unknown
/usr/bin/oslevel       = unknown
/bin/universe          = unknown

PATH: /usr/bin
PATH: /bin
PATH: /usr/sbin
PATH: /sbin
PATH: /usr/local/bin
PATH: /usr/X11/bin
PATH: /usr/local/git/bin
PATH: /Users/noblejasper/byobu/bin
PATH: /Users/noblejasper/bin
PATH: /Applications/android-sdk-mac_86/tools
PATH: /Users/noblejasper/byobu/bin
PATH: /Users/noblejasper/bin
PATH: /Applications/android-sdk-mac_86/tools


## ----------- ##
## Core tests. ##
## ----------- ##

configure:1744: checking for a BSD-compatible install
configure:1812: result: /usr/bin/install -c
configure:1823: checking whether build environment is sane
configure:1873: result: yes
configure:2014: checking for a thread-safe mkdir -p
configure:2053: result: ./install-sh -c -d
configure:2066: checking for gawk
configure:2096: result: no
configure:2066: checking for mawk
configure:2096: result: no
configure:2066: checking for nawk
configure:2096: result: no
configure:2066: checking for awk
configure:2082: found /usr/bin/awk
configure:2093: result: awk
configure:2104: checking whether make sets $(MAKE)
configure:2126: result: yes
configure:2390: checking for emacs
configure:2406: found /usr/bin/emacs
configure:2417: result: emacs
configure:2434: checking what flavor does emacs have
emacs -batch -eval '(let ((x (cond ((featurep (quote xemacs)) "XEmacs") ((boundp (quote MULE)) "MULE") (t "FSF Emacs")))) (write-region (if (stringp x) (princ x) (prin1-to-string x)) nil "./conftest-91889" nil 5))'
FSF Emacs=> FSF Emacs
configure:2475: result: FSF Emacs
configure:2516: checking where lisp files should go
configure:2538: result: $(datadir)/emacs/site-lisp/
configure:2810: creating ./config.status

## ---------------------- ##
## Running config.status. ##
## ---------------------- ##

This file was extended by riece config.status 8.0.0, which was
generated by GNU Autoconf 2.68.  Invocation command line was

  CONFIG_FILES    = 
  CONFIG_HEADERS  = 
  CONFIG_LINKS    = 
  CONFIG_COMMANDS = 
  $ ./config.status 

on nobjas-air.local

config.status:760: creating Makefile
config.status:760: creating lisp/Makefile
config.status:760: creating lisp/riece-package-info.el
config.status:760: creating lisp/test/Makefile
config.status:760: creating doc/Makefile

## ---------------- ##
## Cache variables. ##
## ---------------- ##

EMACS_cv_SYS_flavor='FSF Emacs'
ac_cv_env_build_alias_set=
ac_cv_env_build_alias_value=
ac_cv_env_host_alias_set=
ac_cv_env_host_alias_value=
ac_cv_env_target_alias_set=
ac_cv_env_target_alias_value=
ac_cv_path_install='/usr/bin/install -c'
ac_cv_prog_AWK=awk
ac_cv_prog_EMACS=emacs
ac_cv_prog_make_make_set=yes

## ----------------- ##
## Output variables. ##
## ----------------- ##

ACLOCAL='${SHELL} /Users/noblejasper/.emacs.d/libs/riece-8.0.0/missing --run aclocal-1.11'
AMTAR='${SHELL} /Users/noblejasper/.emacs.d/libs/riece-8.0.0/missing --run tar'
AUTOCONF='${SHELL} /Users/noblejasper/.emacs.d/libs/riece-8.0.0/missing --run autoconf'
AUTOHEADER='${SHELL} /Users/noblejasper/.emacs.d/libs/riece-8.0.0/missing --run autoheader'
AUTOMAKE='${SHELL} /Users/noblejasper/.emacs.d/libs/riece-8.0.0/missing --run automake-1.11'
AWK='awk'
CYGPATH_W='echo'
DEFS='-DPACKAGE_NAME=\"riece\" -DPACKAGE_TARNAME=\"riece\" -DPACKAGE_VERSION=\"8.0.0\" -DPACKAGE_STRING=\"riece\ 8.0.0\" -DPACKAGE_BUGREPORT=\"riece-discuss@nongnu.org\" -DPACKAGE_URL=\"\" -DPACKAGE=\"riece\" -DVERSION=\"8.0.0\"'
ECHO_C='\c'
ECHO_N=''
ECHO_T=''
EMACS='emacs'
INSTALL_DATA='${INSTALL} -m 644'
INSTALL_PROGRAM='${INSTALL}'
INSTALL_SCRIPT='${INSTALL}'
INSTALL_STRIP_PROGRAM='$(install_sh) -c -s'
LIBOBJS=''
LIBS=''
LTLIBOBJS=''
MAKEINFO='${SHELL} /Users/noblejasper/.emacs.d/libs/riece-8.0.0/missing --run makeinfo'
MKDIR_P='./install-sh -c -d'
PACKAGE='riece'
PACKAGEDIR=''
PACKAGE_BUGREPORT='riece-discuss@nongnu.org'
PACKAGE_NAME='riece'
PACKAGE_STRING='riece 8.0.0'
PACKAGE_TARNAME='riece'
PACKAGE_URL=''
PACKAGE_VERSION='8.0.0'
PATH_SEPARATOR=':'
SET_MAKE=''
SHELL='/bin/sh'
STRIP=''
VERSION='8.0.0'
XEMACS='xemacs'
XEMACS_FALSE=''
XEMACS_TRUE='#'
am__isrc=''
am__leading_dot='.'
am__tar='${AMTAR} chof - "$$tardir"'
am__untar='${AMTAR} xf -'
bindir='${exec_prefix}/bin'
build_alias=''
datadir='${datarootdir}'
datarootdir='${prefix}/share'
docdir='${datarootdir}/doc/${PACKAGE_TARNAME}'
dvidir='${docdir}'
exec_prefix='${prefix}'
host_alias=''
htmldir='${docdir}'
includedir='${prefix}/include'
infodir='${datarootdir}/info'
install_sh='${SHELL} /Users/noblejasper/.emacs.d/libs/riece-8.0.0/install-sh'
libdir='${exec_prefix}/lib'
libexecdir='${exec_prefix}/libexec'
lispdir='$(datadir)/emacs/site-lisp/'
localedir='${datarootdir}/locale'
localstatedir='${prefix}/var'
mandir='${datarootdir}/man'
mkdir_p='$(top_builddir)/./install-sh -c -d'
oldincludedir='/usr/include'
pdfdir='${docdir}'
prefix='/Users/noblejasper/.emacs.d/riece'
program_transform_name='s,x,x,'
psdir='${docdir}'
sbindir='${exec_prefix}/sbin'
sharedstatedir='${prefix}/com'
sysconfdir='${prefix}/etc'
target_alias=''

## ----------- ##
## confdefs.h. ##
## ----------- ##

/* confdefs.h */
#define PACKAGE_NAME "riece"
#define PACKAGE_TARNAME "riece"
#define PACKAGE_VERSION "8.0.0"
#define PACKAGE_STRING "riece 8.0.0"
#define PACKAGE_BUGREPORT "riece-discuss@nongnu.org"
#define PACKAGE_URL ""
#define PACKAGE "riece"
#define VERSION "8.0.0"

configure: exit 0
