This file contains any messages produced by compilers while
running configure, to aid debugging if configure makes a mistake.

It was created by configure, which was
generated by GNU Autoconf 2.61.  Invocation command line was

  $ ./configure 

## --------- ##
## Platform. ##
## --------- ##

hostname = noblejasper-no-MacBook-Air.local
uname -m = i386
uname -r = 10.5.0
uname -s = Darwin
uname -v = Darwin Kernel Version 10.5.0: Fri Nov  5 23:20:39 PDT 2010; root:xnu-1504.9.17~1/RELEASE_I386

/usr/bin/uname -p = i386
/bin/uname -X     = unknown

/bin/arch              = unknown
/usr/bin/arch -k       = unknown
/usr/convex/getsysinfo = unknown
/usr/bin/hostinfo      = Mach kernel version:
	 Darwin Kernel Version 10.5.0: Fri Nov  5 23:20:39 PDT 2010; root:xnu-1504.9.17~1/RELEASE_I386
Kernel configured for up to 2 processors.
2 processors are physically available.
2 processors are logically available.
Processor type: i486 (Intel 80486)
Processors active: 0 1
Primary memory available: 2.00 gigabytes
Default processor set: 98 tasks, 416 threads, 2 processors
Load average: 1.91, Mach factor: 0.92
/bin/machine           = unknown
/usr/bin/oslevel       = unknown
/bin/universe          = unknown

PATH: /usr/local/google_appengine
PATH: /Users/jasper/opt
PATH: /usr/bin
PATH: /bin
PATH: /usr/sbin
PATH: /sbin
PATH: /usr/local/bin
PATH: /usr/X11/bin


## ----------- ##
## Core tests. ##
## ----------- ##

configure:1725: checking for a BSD-compatible install
configure:1781: result: /usr/bin/install -c
configure:1792: checking whether build environment is sane
configure:1835: result: yes
configure:1863: checking for a thread-safe mkdir -p
configure:1902: result: ./install-sh -c -d
configure:1915: checking for gawk
configure:1945: result: no
configure:1915: checking for mawk
configure:1945: result: no
configure:1915: checking for nawk
configure:1945: result: no
configure:1915: checking for awk
configure:1931: found /usr/bin/awk
configure:1942: result: awk
configure:1953: checking whether make sets $(MAKE)
configure:1974: result: yes
configure:2162: checking whether to enable maintainer-specific portions of Makefiles
configure:2171: result: no
configure:2196: checking build system type
configure:2214: result: i386-apple-darwin10.5.0
configure:2236: checking host system type
configure:2251: result: i386-apple-darwin10.5.0
configure:2322: checking for cvs
configure:2338: found /usr/bin/cvs
configure:2350: result: cvs -z3
configure:2358: checking whether ln -s works
configure:2362: result: yes
configure:2374: checking for emacs
configure:2390: found /usr/bin/emacs
configure:2401: result: emacs
configure:2419: checking detecting your emacs type
configure:2436: result: emacs21
configure:2495: checking where .elc files should go
configure:2524: result: /usr/share/emacs/site-lisp
configure:2544: checking where howm files should go
configure:2552: result: ${lispdir}/howm
configure:2598: checking where ext files should go
configure:2606: result: ${datadir}/howm/ext
configure:2784: creating ./config.status

## ---------------------- ##
## Running config.status. ##
## ---------------------- ##

This file was extended by config.status, which was
generated by GNU Autoconf 2.61.  Invocation command line was

  CONFIG_FILES    = 
  CONFIG_HEADERS  = 
  CONFIG_LINKS    = 
  CONFIG_COMMANDS = 
  $ ./config.status 

on noblejasper-no-MacBook-Air.local

config.status:622: creating Makefile
config.status:622: creating doc/Makefile
config.status:622: creating ext/Makefile
config.status:622: creating en/Makefile
config.status:622: creating ja/Makefile
config.status:622: creating sample/Makefile

## ---------------- ##
## Cache variables. ##
## ---------------- ##

ac_cv_build=i386-apple-darwin10.5.0
ac_cv_env_build_alias_set=
ac_cv_env_build_alias_value=
ac_cv_env_host_alias_set=
ac_cv_env_host_alias_value=
ac_cv_env_target_alias_set=
ac_cv_env_target_alias_value=
ac_cv_host=i386-apple-darwin10.5.0
ac_cv_path_install='/usr/bin/install -c'
ac_cv_prog_AWK=awk
ac_cv_prog_CVS='cvs -z3'
ac_cv_prog_EMACS=emacs
ac_cv_prog_make_make_set=yes
am_cv_lispdir=/usr/share/emacs/site-lisp

## ----------------- ##
## Output variables. ##
## ----------------- ##

ACLOCAL='${SHELL} /Users/jasper/.emacs.d/libs/howm-1.3.7/missing --run aclocal-1.10'
AMTAR='${SHELL} /Users/jasper/.emacs.d/libs/howm-1.3.7/missing --run tar'
AUTOCONF='${SHELL} /Users/jasper/.emacs.d/libs/howm-1.3.7/missing --run autoconf'
AUTOHEADER='${SHELL} /Users/jasper/.emacs.d/libs/howm-1.3.7/missing --run autoheader'
AUTOMAKE='${SHELL} /Users/jasper/.emacs.d/libs/howm-1.3.7/missing --run automake-1.10'
AWK='awk'
CVS='cvs -z3'
CYGPATH_W='echo'
DEFS='-DPACKAGE_NAME=\"\" -DPACKAGE_TARNAME=\"\" -DPACKAGE_VERSION=\"\" -DPACKAGE_STRING=\"\" -DPACKAGE_BUGREPORT=\"\" -DPACKAGE=\"howm\" -DVERSION=\"1.3.7\"'
ECHO_C='ECHO_N=''
ECHO_T=''
EMACS='emacs'
INSTALL_DATA='${INSTALL} -m 644'
INSTALL_PROGRAM='${INSTALL}'
INSTALL_SCRIPT='${INSTALL}'
INSTALL_STRIP_PROGRAM='$(install_sh) -c -s'
LIBOBJS=''
LIBS=''
LN_S='ln -s'
LTLIBOBJS=''
MAINT='#'
MAINTAINER_MODE_FALSE=''
MAINTAINER_MODE_TRUE='#'
MAKEINFO='${SHELL} /Users/jasper/.emacs.d/libs/howm-1.3.7/missing --run makeinfo'
PACKAGE='howm'
PACKAGE_BUGREPORT=''
PACKAGE_NAME=''
PACKAGE_STRING=''
PACKAGE_TARNAME=''
PACKAGE_VERSION=''
PATH_SEPARATOR=':'
SET_MAKE=''
SHELL='/bin/sh'
STRIP=''
VERSION='1.3.7'
am__isrc=''
am__leading_dot='.'
am__tar='${AMTAR} chof - "$$tardir"'
am__untar='${AMTAR} xf -'
bindir='${exec_prefix}/bin'
build='i386-apple-darwin10.5.0'
build_alias=''
build_cpu='i386'
build_os='darwin10.5.0'
build_vendor='apple'
datadir='${datarootdir}'
datarootdir='${prefix}/share'
docdir='${datarootdir}/doc/${PACKAGE}'
dvidir='${docdir}'
exec_prefix='${prefix}'
extdir='${datadir}/howm/ext'
host='i386-apple-darwin10.5.0'
host_alias=''
host_cpu='i386'
host_os='darwin10.5.0'
host_vendor='apple'
howmdir='${lispdir}/howm'
htmldir='${docdir}'
includedir='${prefix}/include'
infodir='${datarootdir}/info'
install_sh='$(SHELL) /Users/jasper/.emacs.d/libs/howm-1.3.7/install-sh'
libdir='${exec_prefix}/lib'
libexecdir='${exec_prefix}/libexec'
lispdir='/usr/share/emacs/site-lisp'
localedir='${datarootdir}/locale'
localstatedir='${prefix}/var'
mandir='${datarootdir}/man'
mkdir_p='$(top_builddir)/./install-sh -c -d'
oldincludedir='/usr/include'
packagedir=''
pdfdir='${docdir}'
prefix='/usr/local'
program_transform_name='s,x,x,'
psdir='${docdir}'
sbindir='${exec_prefix}/sbin'
sharedstatedir='${prefix}/com'
sysconfdir='${prefix}/etc'
target_alias=''

## ----------- ##
## confdefs.h. ##
## ----------- ##

#define PACKAGE_NAME ""
#define PACKAGE_TARNAME ""
#define PACKAGE_VERSION ""
#define PACKAGE_STRING ""
#define PACKAGE_BUGREPORT ""
#define PACKAGE "howm"
#define VERSION "1.3.7"

configure: exit 0
